Compilando...
/Users/macbook/Documents/GitHub/ogamecloneapp/myapp.csproj : warning NU1603: myapp depende de bunit (>= 1.24.0), pero no se encontr贸 bunit 1.24.0. Se resolvi贸 una mejor coincidencia aproximada de bunit 1.24.10.
/Users/macbook/Documents/GitHub/ogamecloneapp/myapp.csproj : warning NU1603: myapp depende de bunit (>= 1.24.0), pero no se encontr贸 bunit 1.24.0. Se resolvi贸 una mejor coincidencia aproximada de bunit 1.24.10.
info: Microsoft.Hosting.Lifetime[14]
      Now listening on: http://localhost:5264
info: Microsoft.Hosting.Lifetime[0]
      Application started. Press Ctrl+C to shut down.
info: Microsoft.Hosting.Lifetime[0]
      Hosting environment: Development
info: Microsoft.Hosting.Lifetime[0]
      Content root path: /Users/macbook/Documents/GitHub/ogamecloneapp
fail: Microsoft.AspNetCore.Diagnostics.DeveloperExceptionPageMiddleware[1]
      An unhandled exception has occurred while executing the request.
fail: Microsoft.AspNetCore.Server.Kestrel[13]
      Connection id "0HNITR853VRG9", Request id "0HNITR853VRG9:00000001": An unhandled exception was thrown by the application.
      System.AggregateException: An error occurred while writing to logger(s). (Token 1000000 is not valid in the scope of module System.ModuleHandle. (Parameter 'typeToken'))
       ---> System.ArgumentOutOfRangeException: Token 1000000 is not valid in the scope of module System.ModuleHandle. (Parameter 'typeToken')
         at System.ModuleHandle.ResolveTypeHandle(Int32 typeToken, RuntimeTypeHandle[] typeInstantiationContext, RuntimeTypeHandle[] methodInstantiationContext)
         at System.Reflection.RuntimeModule.ResolveType(Int32 metadataToken, Type[] genericTypeArguments, Type[] genericMethodArguments)
         at System.Reflection.CustomAttribute.FilterCustomAttributeRecord(MetadataToken caCtorToken, MetadataImport& scope, RuntimeModule decoratedModule, MetadataToken decoratedToken, RuntimeType attributeFilterType, Boolean mustBeInheritable, ListBuilder`1& derivedAttributes, RuntimeType& attributeType, IRuntimeMethodInfo& ctorWithParameters, Boolean& isVarArg)
         at System.Reflection.CustomAttribute.IsCustomAttributeDefined(RuntimeModule decoratedModule, Int32 decoratedMetadataToken, RuntimeType attributeFilterType, Int32 attributeCtorToken, Boolean mustBeInheritable)
         at System.Reflection.CustomAttribute.IsDefined(RuntimeType type, RuntimeType caType, Boolean inherit)
         at System.Diagnostics.StackTrace.ToString(TraceFormat traceFormat, StringBuilder sb)
         at System.Diagnostics.StackTrace.ToString(TraceFormat traceFormat)
         at System.Exception.get_StackTrace()
         at System.Exception.ToString()
         at Microsoft.Extensions.Logging.Console.SimpleConsoleFormatter.CreateDefaultLogMessage[TState](TextWriter textWriter, LogEntry`1& logEntry, String message, IExternalScopeProvider scopeProvider)
         at Microsoft.Extensions.Logging.Console.SimpleConsoleFormatter.Write[TState](LogEntry`1& logEntry, IExternalScopeProvider scopeProvider, TextWriter textWriter)
         at Microsoft.Extensions.Logging.Console.ConsoleLogger.Log[TState](LogLevel logLevel, EventId eventId, TState state, Exception exception, Func`3 formatter)
         at Microsoft.Extensions.Logging.Logger.<Log>g__LoggerLog|13_0[TState](LogLevel logLevel, EventId eventId, ILogger logger, Exception exception, Func`3 formatter, List`1& exceptions, TState& state)
         --- End of inner exception stack trace ---
         at Microsoft.Extensions.Logging.Logger.ThrowLoggingError(List`1 exceptions)
         at Microsoft.Extensions.Logging.Logger.Log[TState](LogLevel logLevel, EventId eventId, TState state, Exception exception, Func`3 formatter)
         at Microsoft.Extensions.Logging.Logger`1.Microsoft.Extensions.Logging.ILogger.Log[TState](LogLevel logLevel, EventId eventId, TState state, Exception exception, Func`3 formatter)
         at Microsoft.AspNetCore.Diagnostics.DeveloperExceptionPageMiddlewareImpl.Invoke(HttpContext context)
         at Microsoft.AspNetCore.Server.Kestrel.Core.Internal.Http.HttpProtocol.ProcessRequests[TContext](IHttpApplication`1 application)
fail: Microsoft.AspNetCore.Diagnostics.DeveloperExceptionPageMiddleware[1]
      An unhandled exception has occurred while executing the request.
fail: Microsoft.AspNetCore.Server.Kestrel[13]
      Connection id "0HNITR853VRG9", Request id "0HNITR853VRG9:00000003": An unhandled exception was thrown by the application.
      System.AggregateException: An error occurred while writing to logger(s). (Token 1000000 is not valid in the scope of module System.ModuleHandle. (Parameter 'typeToken'))
       ---> System.ArgumentOutOfRangeException: Token 1000000 is not valid in the scope of module System.ModuleHandle. (Parameter 'typeToken')
         at System.ModuleHandle.ResolveTypeHandle(Int32 typeToken, RuntimeTypeHandle[] typeInstantiationContext, RuntimeTypeHandle[] methodInstantiationContext)
         at System.Reflection.RuntimeModule.ResolveType(Int32 metadataToken, Type[] genericTypeArguments, Type[] genericMethodArguments)
         at System.Reflection.CustomAttribute.FilterCustomAttributeRecord(MetadataToken caCtorToken, MetadataImport& scope, RuntimeModule decoratedModule, MetadataToken decoratedToken, RuntimeType attributeFilterType, Boolean mustBeInheritable, ListBuilder`1& derivedAttributes, RuntimeType& attributeType, IRuntimeMethodInfo& ctorWithParameters, Boolean& isVarArg)
         at System.Reflection.CustomAttribute.IsCustomAttributeDefined(RuntimeModule decoratedModule, Int32 decoratedMetadataToken, RuntimeType attributeFilterType, Int32 attributeCtorToken, Boolean mustBeInheritable)
         at System.Reflection.CustomAttribute.IsDefined(RuntimeType type, RuntimeType caType, Boolean inherit)
         at System.Diagnostics.StackTrace.ToString(TraceFormat traceFormat, StringBuilder sb)
         at System.Diagnostics.StackTrace.ToString(TraceFormat traceFormat)
         at System.Exception.get_StackTrace()
         at System.Exception.ToString()
         at Microsoft.Extensions.Logging.Console.SimpleConsoleFormatter.CreateDefaultLogMessage[TState](TextWriter textWriter, LogEntry`1& logEntry, String message, IExternalScopeProvider scopeProvider)
         at Microsoft.Extensions.Logging.Console.SimpleConsoleFormatter.Write[TState](LogEntry`1& logEntry, IExternalScopeProvider scopeProvider, TextWriter textWriter)
         at Microsoft.Extensions.Logging.Console.ConsoleLogger.Log[TState](LogLevel logLevel, EventId eventId, TState state, Exception exception, Func`3 formatter)
         at Microsoft.Extensions.Logging.Logger.<Log>g__LoggerLog|13_0[TState](LogLevel logLevel, EventId eventId, ILogger logger, Exception exception, Func`3 formatter, List`1& exceptions, TState& state)
         --- End of inner exception stack trace ---
         at Microsoft.Extensions.Logging.Logger.ThrowLoggingError(List`1 exceptions)
         at Microsoft.Extensions.Logging.Logger.Log[TState](LogLevel logLevel, EventId eventId, TState state, Exception exception, Func`3 formatter)
         at Microsoft.Extensions.Logging.Logger`1.Microsoft.Extensions.Logging.ILogger.Log[TState](LogLevel logLevel, EventId eventId, TState state, Exception exception, Func`3 formatter)
         at Microsoft.AspNetCore.Diagnostics.DeveloperExceptionPageMiddlewareImpl.Invoke(HttpContext context)
         at Microsoft.AspNetCore.Server.Kestrel.Core.Internal.Http.HttpProtocol.ProcessRequests[TContext](IHttpApplication`1 application)
fail: Microsoft.AspNetCore.Diagnostics.DeveloperExceptionPageMiddleware[1]
      An unhandled exception has occurred while executing the request.
fail: Microsoft.AspNetCore.Server.Kestrel[13]
      Connection id "0HNITR853VRG9", Request id "0HNITR853VRG9:00000004": An unhandled exception was thrown by the application.
      System.AggregateException: An error occurred while writing to logger(s). (Token 1000000 is not valid in the scope of module System.ModuleHandle. (Parameter 'typeToken'))
       ---> System.ArgumentOutOfRangeException: Token 1000000 is not valid in the scope of module System.ModuleHandle. (Parameter 'typeToken')
         at System.ModuleHandle.ResolveTypeHandle(Int32 typeToken, RuntimeTypeHandle[] typeInstantiationContext, RuntimeTypeHandle[] methodInstantiationContext)
         at System.Reflection.RuntimeModule.ResolveType(Int32 metadataToken, Type[] genericTypeArguments, Type[] genericMethodArguments)
         at System.Reflection.CustomAttribute.FilterCustomAttributeRecord(MetadataToken caCtorToken, MetadataImport& scope, RuntimeModule decoratedModule, MetadataToken decoratedToken, RuntimeType attributeFilterType, Boolean mustBeInheritable, ListBuilder`1& derivedAttributes, RuntimeType& attributeType, IRuntimeMethodInfo& ctorWithParameters, Boolean& isVarArg)
         at System.Reflection.CustomAttribute.IsCustomAttributeDefined(RuntimeModule decoratedModule, Int32 decoratedMetadataToken, RuntimeType attributeFilterType, Int32 attributeCtorToken, Boolean mustBeInheritable)
         at System.Reflection.CustomAttribute.IsDefined(RuntimeType type, RuntimeType caType, Boolean inherit)
         at System.Diagnostics.StackTrace.ToString(TraceFormat traceFormat, StringBuilder sb)
         at System.Diagnostics.StackTrace.ToString(TraceFormat traceFormat)
         at System.Exception.get_StackTrace()
         at System.Exception.ToString()
         at Microsoft.Extensions.Logging.Console.SimpleConsoleFormatter.CreateDefaultLogMessage[TState](TextWriter textWriter, LogEntry`1& logEntry, String message, IExternalScopeProvider scopeProvider)
         at Microsoft.Extensions.Logging.Console.SimpleConsoleFormatter.Write[TState](LogEntry`1& logEntry, IExternalScopeProvider scopeProvider, TextWriter textWriter)
         at Microsoft.Extensions.Logging.Console.ConsoleLogger.Log[TState](LogLevel logLevel, EventId eventId, TState state, Exception exception, Func`3 formatter)
         at Microsoft.Extensions.Logging.Logger.<Log>g__LoggerLog|13_0[TState](LogLevel logLevel, EventId eventId, ILogger logger, Exception exception, Func`3 formatter, List`1& exceptions, TState& state)
         --- End of inner exception stack trace ---
         at Microsoft.Extensions.Logging.Logger.ThrowLoggingError(List`1 exceptions)
         at Microsoft.Extensions.Logging.Logger.Log[TState](LogLevel logLevel, EventId eventId, TState state, Exception exception, Func`3 formatter)
         at Microsoft.Extensions.Logging.Logger`1.Microsoft.Extensions.Logging.ILogger.Log[TState](LogLevel logLevel, EventId eventId, TState state, Exception exception, Func`3 formatter)
         at Microsoft.AspNetCore.Diagnostics.DeveloperExceptionPageMiddlewareImpl.Invoke(HttpContext context)
         at Microsoft.AspNetCore.Server.Kestrel.Core.Internal.Http.HttpProtocol.ProcessRequests[TContext](IHttpApplication`1 application)
fail: Microsoft.AspNetCore.Diagnostics.DeveloperExceptionPageMiddleware[1]
      An unhandled exception has occurred while executing the request.
fail: Microsoft.AspNetCore.Server.Kestrel[13]
      Connection id "0HNITR853VRG9", Request id "0HNITR853VRG9:00000005": An unhandled exception was thrown by the application.
      System.AggregateException: An error occurred while writing to logger(s). (Token 1000000 is not valid in the scope of module System.ModuleHandle. (Parameter 'typeToken'))
       ---> System.ArgumentOutOfRangeException: Token 1000000 is not valid in the scope of module System.ModuleHandle. (Parameter 'typeToken')
         at System.ModuleHandle.ResolveTypeHandle(Int32 typeToken, RuntimeTypeHandle[] typeInstantiationContext, RuntimeTypeHandle[] methodInstantiationContext)
         at System.Reflection.RuntimeModule.ResolveType(Int32 metadataToken, Type[] genericTypeArguments, Type[] genericMethodArguments)
         at System.Reflection.CustomAttribute.FilterCustomAttributeRecord(MetadataToken caCtorToken, MetadataImport& scope, RuntimeModule decoratedModule, MetadataToken decoratedToken, RuntimeType attributeFilterType, Boolean mustBeInheritable, ListBuilder`1& derivedAttributes, RuntimeType& attributeType, IRuntimeMethodInfo& ctorWithParameters, Boolean& isVarArg)
         at System.Reflection.CustomAttribute.IsCustomAttributeDefined(RuntimeModule decoratedModule, Int32 decoratedMetadataToken, RuntimeType attributeFilterType, Int32 attributeCtorToken, Boolean mustBeInheritable)
         at System.Reflection.CustomAttribute.IsDefined(RuntimeType type, RuntimeType caType, Boolean inherit)
         at System.Diagnostics.StackTrace.ToString(TraceFormat traceFormat, StringBuilder sb)
         at System.Diagnostics.StackTrace.ToString(TraceFormat traceFormat)
         at System.Exception.get_StackTrace()
         at System.Exception.ToString()
         at Microsoft.Extensions.Logging.Console.SimpleConsoleFormatter.CreateDefaultLogMessage[TState](TextWriter textWriter, LogEntry`1& logEntry, String message, IExternalScopeProvider scopeProvider)
         at Microsoft.Extensions.Logging.Console.SimpleConsoleFormatter.Write[TState](LogEntry`1& logEntry, IExternalScopeProvider scopeProvider, TextWriter textWriter)
         at Microsoft.Extensions.Logging.Console.ConsoleLogger.Log[TState](LogLevel logLevel, EventId eventId, TState state, Exception exception, Func`3 formatter)
         at Microsoft.Extensions.Logging.Logger.<Log>g__LoggerLog|13_0[TState](LogLevel logLevel, EventId eventId, ILogger logger, Exception exception, Func`3 formatter, List`1& exceptions, TState& state)
         --- End of inner exception stack trace ---
         at Microsoft.Extensions.Logging.Logger.ThrowLoggingError(List`1 exceptions)
         at Microsoft.Extensions.Logging.Logger.Log[TState](LogLevel logLevel, EventId eventId, TState state, Exception exception, Func`3 formatter)
         at Microsoft.Extensions.Logging.Logger`1.Microsoft.Extensions.Logging.ILogger.Log[TState](LogLevel logLevel, EventId eventId, TState state, Exception exception, Func`3 formatter)
         at Microsoft.AspNetCore.Diagnostics.DeveloperExceptionPageMiddlewareImpl.Invoke(HttpContext context)
         at Microsoft.AspNetCore.Server.Kestrel.Core.Internal.Http.HttpProtocol.ProcessRequests[TContext](IHttpApplication`1 application)
info: Microsoft.Hosting.Lifetime[0]
      Application is shutting down...
