Usando la configuración de inicio de C:\Users\danie\OneDrive\Documentos\git\ogamecloneapp\Properties\launchSettings.json...
Compilando...
C:\Program Files\dotnet\sdk\9.0.308\Sdks\Microsoft.NET.Sdk\targets\Microsoft.NET.EolTargetFrameworks.targets(32,5): warning NETSDK1138: La plataforma de destino "net7.0" no tiene soporte técnico y no recibirá actualizaciones de seguridad en el futuro. Para obtener más información sobre la directiva de soporte técnico, consulte https://aka.ms/dotnet-core-support. [C:\Users\danie\OneDrive\Documentos\git\ogamecloneapp\myapp.csproj]
C:\Program Files\dotnet\sdk\9.0.308\Sdks\Microsoft.NET.Sdk\targets\Microsoft.NET.EolTargetFrameworks.targets(32,5): warning NETSDK1138: La plataforma de destino "net7.0" no tiene soporte técnico y no recibirá actualizaciones de seguridad en el futuro. Para obtener más información sobre la directiva de soporte técnico, consulte https://aka.ms/dotnet-core-support. [C:\Users\danie\OneDrive\Documentos\git\ogamecloneapp\myapp.csproj]
C:\Users\danie\OneDrive\Documentos\git\ogamecloneapp\myapp.csproj : warning NU1603: myapp depende de bunit (>= 1.24.0), pero no se encontró bunit 1.24.0. bunit 1.24.10 se resolvió en su lugar.
C:\Users\danie\OneDrive\Documentos\git\ogamecloneapp\myapp.csproj : warning NU1903: El paquete "System.Text.Json" 7.0.3 tiene una vulnerabilidad de gravedad alta conocida, https://github.com/advisories/GHSA-hh2w-p6rv-4g7w
C:\Program Files\dotnet\sdk\9.0.308\Sdks\Microsoft.NET.Sdk\targets\Microsoft.NET.EolTargetFrameworks.targets(32,5): warning NETSDK1138: La plataforma de destino "net7.0" no tiene soporte técnico y no recibirá actualizaciones de seguridad en el futuro. Para obtener más información sobre la directiva de soporte técnico, consulte https://aka.ms/dotnet-core-support. [C:\Users\danie\OneDrive\Documentos\git\ogamecloneapp\myapp.csproj]
C:\Users\danie\OneDrive\Documentos\git\ogamecloneapp\myapp.csproj : warning NU1603: myapp depende de bunit (>= 1.24.0), pero no se encontró bunit 1.24.0. bunit 1.24.10 se resolvió en su lugar.
C:\Users\danie\OneDrive\Documentos\git\ogamecloneapp\myapp.csproj : warning NU1903: El paquete "System.Text.Json" 7.0.3 tiene una vulnerabilidad de gravedad alta conocida, https://github.com/advisories/GHSA-hh2w-p6rv-4g7w
info: Microsoft.EntityFrameworkCore.Database.Command[20101]
      Executed DbCommand (6ms) [Parameters=[], CommandType='Text', CommandTimeout='30']
      SELECT COUNT(*) FROM "sqlite_master" WHERE "type" = 'table' AND "rootpage" IS NOT NULL;
info: myapp.Services.GamePersistenceService[0]
      Database created/verified
warn: Microsoft.EntityFrameworkCore.Query[10103]
      The query uses the 'First'/'FirstOrDefault' operator without 'OrderBy' and filter operators. This may lead to unpredictable results.
info: Microsoft.EntityFrameworkCore.Database.Command[20101]
      Executed DbCommand (1ms) [Parameters=[], CommandType='Text', CommandTimeout='30']
      SELECT "g"."Id", "g"."CreatedAt", "g"."Crystal", "g"."DarkMatter", "g"."Deuterium", "g"."DevModeEnabled", "g"."Energy", "g"."LastResourceUpdate", "g"."LastSavedAt", "g"."Metal"
      FROM "GameState" AS "g"
      LIMIT 1
info: Microsoft.Hosting.Lifetime[14]
      Now listening on: http://localhost:5264
info: Microsoft.Hosting.Lifetime[0]
      Application started. Press Ctrl+C to shut down.
info: Microsoft.Hosting.Lifetime[0]
      Hosting environment: Development
info: Microsoft.Hosting.Lifetime[0]
      Content root path: C:\Users\danie\OneDrive\Documentos\git\ogamecloneapp
info: Microsoft.EntityFrameworkCore.Database.Command[20101]
      Executed DbCommand (0ms) [Parameters=[], CommandType='Text', CommandTimeout='30']
      SELECT "b"."Id", "b"."BuildingType", "b"."Level"
      FROM "Buildings" AS "b"
info: Microsoft.EntityFrameworkCore.Database.Command[20101]
      Executed DbCommand (0ms) [Parameters=[], CommandType='Text', CommandTimeout='30']
      SELECT "g"."Id", "g"."CreatedAt", "g"."Crystal", "g"."DarkMatter", "g"."Deuterium", "g"."DevModeEnabled", "g"."Energy", "g"."LastResourceUpdate", "g"."LastSavedAt", "g"."Metal"
      FROM "GameState" AS "g"
      LIMIT 1
info: Microsoft.EntityFrameworkCore.Database.Command[20101]
      Executed DbCommand (0ms) [Parameters=[], CommandType='Text', CommandTimeout='30']
      SELECT "t"."Id", "t"."Level", "t"."TechnologyType"
      FROM "Technologies" AS "t"
info: Microsoft.EntityFrameworkCore.Database.Command[20101]
      Executed DbCommand (0ms) [Parameters=[], CommandType='Text', CommandTimeout='30']
      SELECT "d"."Id", "d"."DefenseType", "d"."Quantity"
      FROM "Defenses" AS "d"
info: Microsoft.EntityFrameworkCore.Database.Command[20101]
      Executed DbCommand (0ms) [Parameters=[], CommandType='Text', CommandTimeout='30']
      SELECT "m"."Id", "m"."Body", "m"."IsRead", "m"."Subject", "m"."Timestamp", "m"."Type"
      FROM "Messages" AS "m"
      ORDER BY "m"."Timestamp" DESC
info: Microsoft.EntityFrameworkCore.Database.Command[20101]
      Executed DbCommand (0ms) [Parameters=[], CommandType='Text', CommandTimeout='30']
      SELECT "s"."Id", "s"."Quantity", "s"."ShipType"
      FROM "Ships" AS "s"
info: Microsoft.EntityFrameworkCore.Database.Command[20101]
      Executed DbCommand (3ms) [Parameters=[@p3='?' (DbType = Int32), @p0='?' (DbType = Double), @p1='?' (DbType = DateTime), @p2='?' (DbType = Double)], CommandType='Text', CommandTimeout='30']
      UPDATE "GameState" SET "Crystal" = @p0, "LastResourceUpdate" = @p1, "Metal" = @p2
      WHERE "Id" = @p3
      RETURNING 1;
info: Microsoft.EntityFrameworkCore.Database.Command[20101]
      Executed DbCommand (0ms) [Parameters=[@__building_Title_0='?' (Size = 10)], CommandType='Text', CommandTimeout='30']
      SELECT "b"."Id", "b"."BuildingType", "b"."Level"
      FROM "Buildings" AS "b"
      WHERE "b"."BuildingType" = @__building_Title_0
      LIMIT 1
info: Microsoft.EntityFrameworkCore.Database.Command[20101]
      Executed DbCommand (0ms) [Parameters=[@__building_Title_0='?' (Size = 12)], CommandType='Text', CommandTimeout='30']
      SELECT "b"."Id", "b"."BuildingType", "b"."Level"
      FROM "Buildings" AS "b"
      WHERE "b"."BuildingType" = @__building_Title_0
      LIMIT 1
info: Microsoft.EntityFrameworkCore.Database.Command[20101]
      Executed DbCommand (0ms) [Parameters=[@__building_Title_0='?' (Size = 21)], CommandType='Text', CommandTimeout='30']
      SELECT "b"."Id", "b"."BuildingType", "b"."Level"
      FROM "Buildings" AS "b"
      WHERE "b"."BuildingType" = @__building_Title_0
      LIMIT 1
info: Microsoft.EntityFrameworkCore.Database.Command[20101]
      Executed DbCommand (0ms) [Parameters=[@__building_Title_0='?' (Size = 11)], CommandType='Text', CommandTimeout='30']
      SELECT "b"."Id", "b"."BuildingType", "b"."Level"
      FROM "Buildings" AS "b"
      WHERE "b"."BuildingType" = @__building_Title_0
      LIMIT 1
info: Microsoft.EntityFrameworkCore.Database.Command[20101]
      Executed DbCommand (0ms) [Parameters=[@__building_Title_0='?' (Size = 16)], CommandType='Text', CommandTimeout='30']
      SELECT "b"."Id", "b"."BuildingType", "b"."Level"
      FROM "Buildings" AS "b"
      WHERE "b"."BuildingType" = @__building_Title_0
      LIMIT 1
info: Microsoft.EntityFrameworkCore.Database.Command[20101]
      Executed DbCommand (0ms) [Parameters=[@__building_Title_0='?' (Size = 14)], CommandType='Text', CommandTimeout='30']
      SELECT "b"."Id", "b"."BuildingType", "b"."Level"
      FROM "Buildings" AS "b"
      WHERE "b"."BuildingType" = @__building_Title_0
      LIMIT 1
info: Microsoft.EntityFrameworkCore.Database.Command[20101]
      Executed DbCommand (0ms) [Parameters=[@__building_Title_0='?' (Size = 14)], CommandType='Text', CommandTimeout='30']
      SELECT "b"."Id", "b"."BuildingType", "b"."Level"
      FROM "Buildings" AS "b"
      WHERE "b"."BuildingType" = @__building_Title_0
      LIMIT 1
info: Microsoft.EntityFrameworkCore.Database.Command[20101]
      Executed DbCommand (0ms) [Parameters=[@__building_Title_0='?' (Size = 8)], CommandType='Text', CommandTimeout='30']
      SELECT "b"."Id", "b"."BuildingType", "b"."Level"
      FROM "Buildings" AS "b"
      WHERE "b"."BuildingType" = @__building_Title_0
      LIMIT 1
info: Microsoft.EntityFrameworkCore.Database.Command[20101]
      Executed DbCommand (0ms) [Parameters=[@__building_Title_0='?' (Size = 13)], CommandType='Text', CommandTimeout='30']
      SELECT "b"."Id", "b"."BuildingType", "b"."Level"
      FROM "Buildings" AS "b"
      WHERE "b"."BuildingType" = @__building_Title_0
      LIMIT 1
info: Microsoft.EntityFrameworkCore.Database.Command[20101]
      Executed DbCommand (0ms) [Parameters=[@__building_Title_0='?' (Size = 15)], CommandType='Text', CommandTimeout='30']
      SELECT "b"."Id", "b"."BuildingType", "b"."Level"
      FROM "Buildings" AS "b"
      WHERE "b"."BuildingType" = @__building_Title_0
      LIMIT 1
info: Microsoft.EntityFrameworkCore.Database.Command[20101]
      Executed DbCommand (0ms) [Parameters=[@__building_Title_0='?' (Size = 14)], CommandType='Text', CommandTimeout='30']
      SELECT "b"."Id", "b"."BuildingType", "b"."Level"
      FROM "Buildings" AS "b"
      WHERE "b"."BuildingType" = @__building_Title_0
      LIMIT 1
info: Microsoft.EntityFrameworkCore.Database.Command[20101]
      Executed DbCommand (0ms) [Parameters=[@__building_Title_0='?' (Size = 12)], CommandType='Text', CommandTimeout='30']
      SELECT "b"."Id", "b"."BuildingType", "b"."Level"
      FROM "Buildings" AS "b"
      WHERE "b"."BuildingType" = @__building_Title_0
      LIMIT 1
info: Microsoft.EntityFrameworkCore.Database.Command[20101]
      Executed DbCommand (0ms) [Parameters=[@__building_Title_0='?' (Size = 11)], CommandType='Text', CommandTimeout='30']
      SELECT "b"."Id", "b"."BuildingType", "b"."Level"
      FROM "Buildings" AS "b"
      WHERE "b"."BuildingType" = @__building_Title_0
      LIMIT 1
info: Microsoft.EntityFrameworkCore.Database.Command[20101]
      Executed DbCommand (0ms) [Parameters=[@__building_Title_0='?' (Size = 12)], CommandType='Text', CommandTimeout='30']
      SELECT "b"."Id", "b"."BuildingType", "b"."Level"
      FROM "Buildings" AS "b"
      WHERE "b"."BuildingType" = @__building_Title_0
      LIMIT 1
info: Microsoft.EntityFrameworkCore.Database.Command[20101]
      Executed DbCommand (0ms) [Parameters=[@__building_Title_0='?' (Size = 14)], CommandType='Text', CommandTimeout='30']
      SELECT "b"."Id", "b"."BuildingType", "b"."Level"
      FROM "Buildings" AS "b"
      WHERE "b"."BuildingType" = @__building_Title_0
      LIMIT 1
info: Microsoft.EntityFrameworkCore.Database.Command[20101]
      Executed DbCommand (0ms) [Parameters=[@p1='?' (DbType = Guid), @p0='?' (DbType = Int32)], CommandType='Text', CommandTimeout='30']
      UPDATE "Buildings" SET "Level" = @p0
      WHERE "Id" = @p1
      RETURNING 1;
info: Microsoft.EntityFrameworkCore.Database.Command[20101]
      Executed DbCommand (0ms) [Parameters=[@p1='?' (DbType = Int32), @p0='?' (DbType = Int64)], CommandType='Text', CommandTimeout='30']
      UPDATE "GameState" SET "Energy" = @p0
      WHERE "Id" = @p1
      RETURNING 1;
info: Microsoft.EntityFrameworkCore.Database.Command[20101]
      Executed DbCommand (0ms) [Parameters=[@p3='?' (DbType = Int32), @p0='?' (DbType = Double), @p1='?' (DbType = DateTime), @p2='?' (DbType = Double)], CommandType='Text', CommandTimeout='30']
      UPDATE "GameState" SET "Crystal" = @p0, "LastResourceUpdate" = @p1, "Metal" = @p2
      WHERE "Id" = @p3
      RETURNING 1;
info: Microsoft.EntityFrameworkCore.Database.Command[20101]
      Executed DbCommand (0ms) [Parameters=[@p3='?' (DbType = Int32), @p0='?' (DbType = Double), @p1='?' (DbType = DateTime), @p2='?' (DbType = Double)], CommandType='Text', CommandTimeout='30']
      UPDATE "GameState" SET "Crystal" = @p0, "LastResourceUpdate" = @p1, "Metal" = @p2
      WHERE "Id" = @p3
      RETURNING 1;
info: Microsoft.EntityFrameworkCore.Database.Command[20101]
      Executed DbCommand (0ms) [Parameters=[@p3='?' (DbType = Int32), @p0='?' (DbType = Double), @p1='?' (DbType = DateTime), @p2='?' (DbType = Double)], CommandType='Text', CommandTimeout='30']
      UPDATE "GameState" SET "Crystal" = @p0, "LastResourceUpdate" = @p1, "Metal" = @p2
      WHERE "Id" = @p3
      RETURNING 1;
