Compilando...
/Users/macbook/Documents/GitHub/ogamecloneapp/myapp.csproj : warning NU1603: myapp depende de bunit (>= 1.24.0), pero no se encontró bunit 1.24.0. Se resolvió una mejor coincidencia aproximada de bunit 1.24.10.
/Users/macbook/Documents/GitHub/ogamecloneapp/myapp.csproj : warning NU1603: myapp depende de bunit (>= 1.24.0), pero no se encontró bunit 1.24.0. Se resolvió una mejor coincidencia aproximada de bunit 1.24.10.
/Users/macbook/.nuget/packages/microsoft.net.test.sdk/17.7.2/build/netcoreapp3.1/Microsoft.NET.Test.Sdk.Program.cs(4,41): warning CS7022: El punto de entrada del programa es código global: se ignora el punto de entrada "AutoGeneratedProgram.Main(string[])". [/Users/macbook/Documents/GitHub/ogamecloneapp/myapp.csproj]
/Users/macbook/Documents/GitHub/ogamecloneapp/Services/ResourceService.cs(14,25): warning CS8618: El elemento evento "OnChange" que no acepta valores NULL debe contener un valor distinto de NULL al salir del constructor. Considere la posibilidad de declarar el elemento evento como que admite un valor NULL. [/Users/macbook/Documents/GitHub/ogamecloneapp/myapp.csproj]
/Users/macbook/Documents/GitHub/ogamecloneapp/Services/BuildingService.cs(46,12): warning CS8618: El elemento evento "OnChange" que no acepta valores NULL debe contener un valor distinto de NULL al salir del constructor. Considere la posibilidad de declarar el elemento evento como que admite un valor NULL. [/Users/macbook/Documents/GitHub/ogamecloneapp/myapp.csproj]
/Users/macbook/Documents/GitHub/ogamecloneapp/Components/Pages/DefensePage.razor(187,26): warning CS8618: El elemento propiedad "Cannon" que no acepta valores NULL debe contener un valor distinto de NULL al salir del constructor. Considere la posibilidad de declarar el elemento propiedad como que admite un valor NULL. [/Users/macbook/Documents/GitHub/ogamecloneapp/myapp.csproj]
/Users/macbook/Documents/GitHub/ogamecloneapp/Components/Pages/DefensePage.razor(188,23): warning CS8618: El elemento propiedad "TimeRemaining" que no acepta valores NULL debe contener un valor distinto de NULL al salir del constructor. Considere la posibilidad de declarar el elemento propiedad como que admite un valor NULL. [/Users/macbook/Documents/GitHub/ogamecloneapp/myapp.csproj]
/Users/macbook/Documents/GitHub/ogamecloneapp/Components/Pages/DefensePage.razor(173,23): warning CS8618: El elemento propiedad "Title" que no acepta valores NULL debe contener un valor distinto de NULL al salir del constructor. Considere la posibilidad de declarar el elemento propiedad como que admite un valor NULL. [/Users/macbook/Documents/GitHub/ogamecloneapp/myapp.csproj]
/Users/macbook/Documents/GitHub/ogamecloneapp/Components/Pages/DefensePage.razor(174,23): warning CS8618: El elemento propiedad "Description" que no acepta valores NULL debe contener un valor distinto de NULL al salir del constructor. Considere la posibilidad de declarar el elemento propiedad como que admite un valor NULL. [/Users/macbook/Documents/GitHub/ogamecloneapp/myapp.csproj]
/Users/macbook/Documents/GitHub/ogamecloneapp/Components/Pages/DefensePage.razor(178,23): warning CS8618: El elemento propiedad "ConstructionDuration" que no acepta valores NULL debe contener un valor distinto de NULL al salir del constructor. Considere la posibilidad de declarar el elemento propiedad como que admite un valor NULL. [/Users/macbook/Documents/GitHub/ogamecloneapp/myapp.csproj]
/Users/macbook/Documents/GitHub/ogamecloneapp/Components/Pages/DefensePage.razor(179,23): warning CS8618: El elemento propiedad "Image" que no acepta valores NULL debe contener un valor distinto de NULL al salir del constructor. Considere la posibilidad de declarar el elemento propiedad como que admite un valor NULL. [/Users/macbook/Documents/GitHub/ogamecloneapp/myapp.csproj]
/Users/macbook/Documents/GitHub/ogamecloneapp/Components/Pages/FactoryPage.razor(166,24): warning CS8618: El elemento propiedad "Ship" que no acepta valores NULL debe contener un valor distinto de NULL al salir del constructor. Considere la posibilidad de declarar el elemento propiedad como que admite un valor NULL. [/Users/macbook/Documents/GitHub/ogamecloneapp/myapp.csproj]
/Users/macbook/Documents/GitHub/ogamecloneapp/Components/Pages/FactoryPage.razor(167,23): warning CS8618: El elemento propiedad "TimeRemaining" que no acepta valores NULL debe contener un valor distinto de NULL al salir del constructor. Considere la posibilidad de declarar el elemento propiedad como que admite un valor NULL. [/Users/macbook/Documents/GitHub/ogamecloneapp/myapp.csproj]
/Users/macbook/Documents/GitHub/ogamecloneapp/Components/Pages/FactoryPage.razor(149,23): warning CS8618: El elemento propiedad "Title" que no acepta valores NULL debe contener un valor distinto de NULL al salir del constructor. Considere la posibilidad de declarar el elemento propiedad como que admite un valor NULL. [/Users/macbook/Documents/GitHub/ogamecloneapp/myapp.csproj]
/Users/macbook/Documents/GitHub/ogamecloneapp/Components/Pages/FactoryPage.razor(150,23): warning CS8618: El elemento propiedad "Description" que no acepta valores NULL debe contener un valor distinto de NULL al salir del constructor. Considere la posibilidad de declarar el elemento propiedad como que admite un valor NULL. [/Users/macbook/Documents/GitHub/ogamecloneapp/myapp.csproj]
/Users/macbook/Documents/GitHub/ogamecloneapp/Components/Pages/FactoryPage.razor(155,23): warning CS8618: El elemento propiedad "Image" que no acepta valores NULL debe contener un valor distinto de NULL al salir del constructor. Considere la posibilidad de declarar el elemento propiedad como que admite un valor NULL. [/Users/macbook/Documents/GitHub/ogamecloneapp/myapp.csproj]
/Users/macbook/Documents/GitHub/ogamecloneapp/Components/Pages/FleetPage.razor(339,23): warning CS8618: El elemento propiedad "Winner" que no acepta valores NULL debe contener un valor distinto de NULL al salir del constructor. Considere la posibilidad de declarar el elemento propiedad como que admite un valor NULL. [/Users/macbook/Documents/GitHub/ogamecloneapp/myapp.csproj]
/Users/macbook/Documents/GitHub/ogamecloneapp/Components/Pages/ConstellationPage.razor(173,17): warning CS0414: El campo 'ConstellationPage.CurrentSystem' está asignado pero su valor nunca se usa [/Users/macbook/Documents/GitHub/ogamecloneapp/myapp.csproj]
/Users/macbook/Documents/GitHub/ogamecloneapp/Components/Pages/ConstellationPage.razor(172,17): warning CS0414: El campo 'ConstellationPage.CurrentGalaxy' está asignado pero su valor nunca se usa [/Users/macbook/Documents/GitHub/ogamecloneapp/myapp.csproj]
/Users/macbook/Documents/GitHub/ogamecloneapp/Components/Pages/ConstellationPage.razor(174,17): warning CS0414: El campo 'ConstellationPage.CurrentPosition' está asignado pero su valor nunca se usa [/Users/macbook/Documents/GitHub/ogamecloneapp/myapp.csproj]
info: Microsoft.Hosting.Lifetime[14]
      Now listening on: http://localhost:5005
info: Microsoft.Hosting.Lifetime[0]
      Application started. Press Ctrl+C to shut down.
info: Microsoft.Hosting.Lifetime[0]
      Hosting environment: Development
info: Microsoft.Hosting.Lifetime[0]
      Content root path: /Users/macbook/Documents/GitHub/ogamecloneapp
